<?xml version="1.0" encoding="UTF-8"?>
<!-- Generated by org.testng.reporters.JUnitXMLReporter -->
<testsuite hostname="DESKTOP-F8039K4" ignored="0" name="Default test" tests="4" failures="0" timestamp="20 May 2019 07:21:06 GMT" time="7.561" errors="0">
  <testcase name="doLogin" time="1.759" classname="tests.LoginTest"/>
  <testcase name="doLogin" time="0.64" classname="tests.LoginTest"/>
  <testcase name="doLogin" time="0.652" classname="tests.LoginTest"/>
  <testcase name="doLogin" time="0.648" classname="tests.LoginTest"/>
</testsuite> <!-- Default test -->
