<?xml version="1.0" encoding="UTF-8"?>
<!-- Generated by org.testng.reporters.JUnitXMLReporter -->
<testsuite hostname="DESKTOP-F8039K4" ignored="0"
	name="AddCategory" tests="4" failures="0"
	timestamp="14 May 2019 07:30:41 GMT" time="1.486" errors="0">
	<testcase name="addCat" time="0.07"
		classname="tests.AddCategory" />
	<testcase name="addCat" time="0.018"
		classname="tests.AddCategory" />
	<testcase name="addCat" time="0.02"
		classname="tests.AddCategory" />
	<testcase name="addCat" time="0.021"
		classname="tests.AddCategory" />
</testsuite> <!-- AddCategory -->
