<?xml version="1.0" encoding="UTF-8"?>
<!-- Generated by org.testng.reporters.JUnitXMLReporter -->
<testsuite hostname="DESKTOP-F8039K4" ignored="0"
	name="LoginTest" tests="3" failures="0"
	timestamp="14 May 2019 07:30:39 GMT" time="6.013" errors="0">
	<testcase name="doLogin" time="1.742"
		classname="tests.LoginTest" />
	<testcase name="doLogin" time="0.624"
		classname="tests.LoginTest" />
	<testcase name="doLogin" time="0.644"
		classname="tests.LoginTest" />
</testsuite> <!-- LoginTest -->
